This file contains any messages produced by compilers while
running configure, to aid debugging if configure makes a mistake.

It was created by opus configure 1.1.3, which was
generated by GNU Autoconf 2.69.  Invocation command line was

  $ ./configure 

## --------- ##
## Platform. ##
## --------- ##

hostname = gerar-HP-EliteBook-8440p
uname -m = x86_64
uname -r = 5.13.0-39-generic
uname -s = Linux
uname -v = #44~20.04.1-Ubuntu SMP Thu Mar 24 16:43:35 UTC 2022

/usr/bin/uname -p = x86_64
/bin/uname -X     = unknown

/bin/arch              = x86_64
/usr/bin/arch -k       = unknown
/usr/convex/getsysinfo = unknown
/usr/bin/hostinfo      = unknown
/bin/machine           = unknown
/usr/bin/oslevel       = unknown
/bin/universe          = unknown

PATH: /usr/local/sbin
PATH: /usr/local/bin
PATH: /usr/sbin
PATH: /usr/bin
PATH: /sbin
PATH: /bin
PATH: /usr/games
PATH: /usr/local/games
PATH: /snap/bin


## ----------- ##
## Core tests. ##
## ----------- ##

configure:2362: checking whether make supports nested variables
configure:2379: result: yes
configure:2445: checking for a BSD-compatible install
configure:2513: result: /usr/bin/install -c
configure:2524: checking whether build environment is sane
configure:2579: result: yes
configure:2728: checking for a thread-safe mkdir -p
configure:2767: result: /usr/bin/mkdir -p
configure:2774: checking for gawk
configure:2804: result: no
configure:2774: checking for mawk
configure:2790: found /usr/bin/mawk
configure:2801: result: mawk
configure:2812: checking whether make sets $(MAKE)
configure:2834: result: yes
configure:2959: checking whether to enable maintainer-specific portions of Makefiles
configure:2968: result: yes
configure:2986: checking build system type
configure:3000: result: x86_64-pc-linux-gnu
configure:3020: checking host system type
configure:3033: result: x86_64-pc-linux-gnu
configure:3105: checking how to print strings
configure:3132: result: printf
configure:3157: checking whether make supports the include directive
configure:3172: make -f confmf.GNU && cat confinc.out
make[1]: Entering directory '/home/gerar/Desktop/repos/libdeps/opus'
make[1]: Leaving directory '/home/gerar/Desktop/repos/libdeps/opus'
this is the am__doit target
configure:3175: $? = 0
configure:3194: result: yes (GNU style)
configure:3264: checking for gcc
configure:3280: found /usr/bin/gcc
configure:3291: result: gcc
configure:3520: checking for C compiler version
configure:3529: gcc --version >&5
gcc (Ubuntu 9.4.0-1ubuntu1~20.04.1) 9.4.0
Copyright (C) 2019 Free Software Foundation, Inc.
This is free software; see the source for copying conditions.  There is NO
warranty; not even for MERCHANTABILITY or FITNESS FOR A PARTICULAR PURPOSE.

configure:3540: $? = 0
configure:3529: gcc -v >&5
Using built-in specs.
COLLECT_GCC=gcc
COLLECT_LTO_WRAPPER=/usr/lib/gcc/x86_64-linux-gnu/9/lto-wrapper
OFFLOAD_TARGET_NAMES=nvptx-none:hsa
OFFLOAD_TARGET_DEFAULT=1
Target: x86_64-linux-gnu
Configured with: ../src/configure -v --with-pkgversion='Ubuntu 9.4.0-1ubuntu1~20.04.1' --with-bugurl=file:///usr/share/doc/gcc-9/README.Bugs --enable-languages=c,ada,c++,go,brig,d,fortran,objc,obj-c++,gm2 --prefix=/usr --with-gcc-major-version-only --program-suffix=-9 --program-prefix=x86_64-linux-gnu- --enable-shared --enable-linker-build-id --libexecdir=/usr/lib --without-included-gettext --enable-threads=posix --libdir=/usr/lib --enable-nls --enable-clocale=gnu --enable-libstdcxx-debug --enable-libstdcxx-time=yes --with-default-libstdcxx-abi=new --enable-gnu-unique-object --disable-vtable-verify --enable-plugin --enable-default-pie --with-system-zlib --with-target-system-zlib=auto --enable-objc-gc=auto --enable-multiarch --disable-werror --with-arch-32=i686 --with-abi=m64 --with-multilib-list=m32,m64,mx32 --enable-multilib --with-tune=generic --enable-offload-targets=nvptx-none=/build/gcc-9-Av3uEd/gcc-9-9.4.0/debian/tmp-nvptx/usr,hsa --without-cuda-driver --enable-checking=release --build=x86_64-linux-gnu --host=x86_64-linux-gnu --target=x86_64-linux-gnu
Thread model: posix
gcc version 9.4.0 (Ubuntu 9.4.0-1ubuntu1~20.04.1) 
configure:3540: $? = 0
configure:3529: gcc -V >&5
gcc: error: unrecognized command line option '-V'
gcc: fatal error: no input files
compilation terminated.
configure:3540: $? = 1
configure:3529: gcc -qversion >&5
gcc: error: unrecognized command line option '-qversion'; did you mean '--version'?
gcc: fatal error: no input files
compilation terminated.
configure:3540: $? = 1
configure:3560: checking whether the C compiler works
configure:3582: gcc    conftest.c  >&5
configure:3586: $? = 0
configure:3634: result: yes
configure:3637: checking for C compiler default output file name
configure:3639: result: a.out
configure:3645: checking for suffix of executables
configure:3652: gcc -o conftest    conftest.c  >&5
configure:3656: $? = 0
configure:3678: result: 
configure:3700: checking whether we are cross compiling
configure:3708: gcc -o conftest    conftest.c  >&5
configure:3712: $? = 0
configure:3719: ./conftest
configure:3723: $? = 0
configure:3711: result: no
configure:3716: checking for suffix of object files
configure:3738: gcc -c   conftest.c >&5
configure:3742: $? = 0
configure:3763: result: o
configure:3767: checking whether we are using the GNU C compiler
configure:3786: gcc -c   conftest.c >&5
configure:3786: $? = 0
configure:3795: result: yes
configure:3804: checking whether gcc accepts -g
configure:3824: gcc -c -g  conftest.c >&5
configure:3824: $? = 0
configure:3865: result: yes
configure:3882: checking for gcc option to accept ISO C89
configure:3945: gcc  -c -g -O2  conftest.c >&5
configure:3945: $? = 0
configure:3958: result: none needed
configure:3983: checking whether gcc understands -c and -o together
configure:4005: gcc -c conftest.c -o conftest2.o
configure:4008: $? = 0
configure:4005: gcc -c conftest.c -o conftest2.o
configure:4008: $? = 0
configure:4020: result: yes
configure:4039: checking dependency style of gcc
configure:4150: result: gcc3
configure:4165: checking for a sed that does not truncate output
configure:4229: result: /usr/bin/sed
configure:4247: checking for grep that handles long lines and -e
configure:4305: result: /usr/bin/grep
configure:4310: checking for egrep
configure:4372: result: /usr/bin/grep -E
configure:4377: checking for fgrep
configure:4439: result: /usr/bin/grep -F
configure:4474: checking for ld used by gcc
configure:4541: result: /usr/bin/ld
configure:4548: checking if the linker (/usr/bin/ld) is GNU ld
configure:4563: result: yes
configure:4575: checking for BSD- or MS-compatible name lister (nm)
configure:4629: result: /usr/bin/nm -B
configure:4759: checking the name lister (/usr/bin/nm -B) interface
configure:4766: gcc -c -g -O2  conftest.c >&5
configure:4769: /usr/bin/nm -B "conftest.o"
configure:4772: output
0000000000000000 B some_variable
configure:4773: result: BSD nm
configure:4776: checking whether ln -s works
configure:4780: result: yes
configure:4788: checking the maximum length of command line arguments
configure:4919: result: 1572864
configure:4967: checking how to convert x86_64-pc-linux-gnu file names to x86_64-pc-linux-gnu format
configure:5007: result: func_convert_file_noop
configure:5014: checking how to convert x86_64-pc-linux-gnu file names to toolchain format
configure:5034: result: func_convert_file_noop
configure:5041: checking for /usr/bin/ld option to reload object files
configure:5048: result: -r
configure:5122: checking for objdump
configure:5138: found /usr/bin/objdump
configure:5149: result: objdump
configure:5181: checking how to recognize dependent libraries
configure:5381: result: pass_all
configure:5466: checking for dlltool
configure:5496: result: no
configure:5526: checking how to associate runtime and link libraries
configure:5553: result: printf %s\n
configure:5614: checking for ar
configure:5630: found /usr/bin/ar
configure:5641: result: ar
configure:5678: checking for archiver @FILE support
configure:5695: gcc -c -g -O2  conftest.c >&5
configure:5695: $? = 0
configure:5698: ar cr libconftest.a @conftest.lst >&5
configure:5701: $? = 0
configure:5706: ar cr libconftest.a @conftest.lst >&5
ar: conftest.o: No such file or directory
configure:5709: $? = 1
configure:5708: result: @
configure:5766: checking for strip
configure:5782: found /usr/bin/strip
configure:5793: result: strip
configure:5865: checking for ranlib
configure:5881: found /usr/bin/ranlib
configure:5892: result: ranlib
configure:5994: checking command to parse /usr/bin/nm -B output from gcc object
configure:6147: gcc -c -g -O2  conftest.c >&5
configure:6150: $? = 0
configure:6154: /usr/bin/nm -B conftest.o | sed -n -e 's/^.*[	 ]\([ABCDGIRSTW][ABCDGIRSTW]*\)[	 ][	 ]*\([_A-Za-z][_A-Za-z0-9]*\)$/\1 \2 \2/p' | sed '/ __gnu_lto/d' > conftest.nm
configure:6220: gcc -o conftest -g -O2   conftest.c conftstm.o >&5
configure:6223: $? = 0
configure:6261: result: ok
configure:6308: checking for sysroot
configure:6338: result: no
configure:6345: checking for a working dd
configure:6383: result: /usr/bin/dd
configure:6387: checking how to truncate binary pipes
configure:6402: result: /usr/bin/dd bs=4096 count=1
configure:6538: gcc -c -g -O2  conftest.c >&5
configure:6541: $? = 0
configure:6731: checking for mt
configure:6747: found /usr/bin/mt
configure:6758: result: mt
configure:6781: checking if mt is a manifest tool
configure:6787: mt '-?'
configure:6795: result: no
configure:7472: checking how to run the C preprocessor
configure:7503: gcc -E  conftest.c
configure:7503: $? = 0
configure:7517: gcc -E  conftest.c
conftest.c:9:10: fatal error: ac_nonexistent.h: No such file or directory
    9 | #include <ac_nonexistent.h>
      |          ^~~~~~~~~~~~~~~~~~
compilation terminated.
configure:7517: $? = 1
configure: failed program was:
| /* confdefs.h */
| #define PACKAGE_NAME "opus"
| #define PACKAGE_TARNAME "opus"
| #define PACKAGE_VERSION "1.1.3"
| #define PACKAGE_STRING "opus 1.1.3"
| #define PACKAGE_BUGREPORT "opus@xiph.org"
| #define PACKAGE_URL ""
| /* end confdefs.h.  */
| #include <ac_nonexistent.h>
configure:7542: result: gcc -E
configure:7562: gcc -E  conftest.c
configure:7562: $? = 0
configure:7576: gcc -E  conftest.c
conftest.c:9:10: fatal error: ac_nonexistent.h: No such file or directory
    9 | #include <ac_nonexistent.h>
      |          ^~~~~~~~~~~~~~~~~~
compilation terminated.
configure:7576: $? = 1
configure: failed program was:
| /* confdefs.h */
| #define PACKAGE_NAME "opus"
| #define PACKAGE_TARNAME "opus"
| #define PACKAGE_VERSION "1.1.3"
| #define PACKAGE_STRING "opus 1.1.3"
| #define PACKAGE_BUGREPORT "opus@xiph.org"
| #define PACKAGE_URL ""
| /* end confdefs.h.  */
| #include <ac_nonexistent.h>
configure:7605: checking for ANSI C header files
configure:7625: gcc -c -g -O2  conftest.c >&5
configure:7625: $? = 0
configure:7698: gcc -o conftest -g -O2   conftest.c  >&5
configure:7698: $? = 0
configure:7698: ./conftest
configure:7698: $? = 0
configure:7709: result: yes
configure:7722: checking for sys/types.h
configure:7722: gcc -c -g -O2  conftest.c >&5
configure:7722: $? = 0
configure:7722: result: yes
configure:7722: checking for sys/stat.h
configure:7722: gcc -c -g -O2  conftest.c >&5
configure:7722: $? = 0
configure:7722: result: yes
configure:7722: checking for stdlib.h
configure:7722: gcc -c -g -O2  conftest.c >&5
configure:7722: $? = 0
configure:7722: result: yes
configure:7722: checking for string.h
configure:7722: gcc -c -g -O2  conftest.c >&5
configure:7722: $? = 0
configure:7722: result: yes
configure:7722: checking for memory.h
configure:7722: gcc -c -g -O2  conftest.c >&5
configure:7722: $? = 0
configure:7722: result: yes
configure:7722: checking for strings.h
configure:7722: gcc -c -g -O2  conftest.c >&5
configure:7722: $? = 0
configure:7722: result: yes
configure:7722: checking for inttypes.h
configure:7722: gcc -c -g -O2  conftest.c >&5
configure:7722: $? = 0
configure:7722: result: yes
configure:7722: checking for stdint.h
configure:7722: gcc -c -g -O2  conftest.c >&5
configure:7722: $? = 0
configure:7722: result: yes
configure:7722: checking for unistd.h
configure:7722: gcc -c -g -O2  conftest.c >&5
configure:7722: $? = 0
configure:7722: result: yes
configure:7736: checking for dlfcn.h
configure:7736: gcc -c -g -O2  conftest.c >&5
configure:7736: $? = 0
configure:7736: result: yes
configure:7992: checking for objdir
configure:8007: result: .libs
configure:8271: checking if gcc supports -fno-rtti -fno-exceptions
configure:8289: gcc -c -g -O2  -fno-rtti -fno-exceptions conftest.c >&5
cc1: warning: command line option '-fno-rtti' is valid for C++/D/ObjC++ but not for C
configure:8293: $? = 0
configure:8306: result: no
configure:8670: checking for gcc option to produce PIC
configure:8677: result: -fPIC -DPIC
configure:8685: checking if gcc PIC flag -fPIC -DPIC works
configure:8703: gcc -c -g -O2  -fPIC -DPIC -DPIC conftest.c >&5
configure:8707: $? = 0
configure:8720: result: yes
configure:8749: checking if gcc static flag -static works
configure:8777: result: yes
configure:8792: checking if gcc supports -c -o file.o
configure:8813: gcc -c -g -O2  -o out/conftest2.o conftest.c >&5
configure:8817: $? = 0
configure:8839: result: yes
configure:8847: checking if gcc supports -c -o file.o
configure:8894: result: yes
configure:8927: checking whether the gcc linker (/usr/bin/ld -m elf_x86_64) supports shared libraries
configure:10190: result: yes
configure:10227: checking whether -lc should be explicitly linked in
configure:10235: gcc -c -g -O2  conftest.c >&5
configure:10238: $? = 0
configure:10253: gcc -shared  -fPIC -DPIC conftest.o  -v -Wl,-soname -Wl,conftest -o conftest 2\>\&1 \| /usr/bin/grep  -lc  \>/dev/null 2\>\&1
configure:10256: $? = 0
configure:10270: result: no
configure:10430: checking dynamic linker characteristics
configure:11011: gcc -o conftest -g -O2   -Wl,-rpath -Wl,/foo conftest.c  >&5
configure:11011: $? = 0
configure:11260: result: GNU/Linux ld.so
configure:11382: checking how to hardcode library paths into programs
configure:11407: result: immediate
configure:11955: checking whether stripping libraries is possible
configure:11960: result: yes
configure:11995: checking if libtool supports shared libraries
configure:11997: result: yes
configure:12000: checking whether to build shared libraries
configure:12025: result: yes
configure:12028: checking whether to build static libraries
configure:12032: result: yes
configure:8847: checking for gcc option to accept ISO C99
configure:8996: gcc  -c -g -O2  conftest.c >&5
configure:8996: $? = 0
configure:9009: result: none needed
configure:9024: checking for an ANSI C-conforming const
configure:9090: gcc -c -g -O2  conftest.c >&5
configure:9090: $? = 0
configure:9097: result: yes
configure:9105: checking for inline
configure:9121: gcc -c -g -O2  conftest.c >&5
configure:9121: $? = 0
configure:9129: result: inline
configure:9157: checking dependency style of gcc
configure:9266: result: gcc3
configure:9290: checking for C/C++ restrict keyword
configure:9315: gcc -c -g -O2  conftest.c >&5
configure:9315: $? = 0
configure:9323: result: __restrict
configure:9338: checking for C99 variable-size arrays
configure:9351: gcc -c -g -O2  conftest.c >&5
configure:9351: $? = 0
configure:9364: result: yes
configure:9499: checking for cos in -lm
configure:9524: gcc -o conftest -g -O2   conftest.c -lm   >&5
conftest.c:31:6: warning: conflicting types for built-in function 'cos'; expected 'double(double)' [-Wbuiltin-declaration-mismatch]
   31 | char cos ();
      |      ^~~
conftest.c:1:1: note: 'cos' is declared in header '<math.h>'
    1 | /* confdefs.h */
configure:9524: $? = 0
configure:9533: result: yes
configure:10584: checking if compiler supports SSE intrinsics
configure:10605: gcc -o conftest -g -O2   conftest.c  >&5
configure:10605: $? = 0
configure:10609: result: yes
configure:10668: checking if compiler supports SSE2 intrinsics
configure:10689: gcc -o conftest -g -O2   conftest.c  >&5
configure:10689: $? = 0
configure:10693: result: yes
configure:10752: checking if compiler supports SSE4.1 intrinsics
configure:10773: gcc -o conftest -g -O2   conftest.c  >&5
In file included from conftest.c:24:
conftest.c: In function 'main':
/usr/lib/gcc/x86_64-linux-gnu/9/include/smmintrin.h:334:1: error: inlining failed in call to always_inline '_mm_mul_epi32': target specific option mismatch
  334 | _mm_mul_epi32 (__m128i __X, __m128i __Y)
      | ^~~~~~~~~~~~~
conftest.c:33:21: note: called from here
   33 |             mtest = _mm_mul_epi32(mtest, mtest);
      |                     ^~~~~~~~~~~~~~~~~~~~~~~~~~~
In file included from conftest.c:24:
/usr/lib/gcc/x86_64-linux-gnu/9/include/smmintrin.h:334:1: error: inlining failed in call to always_inline '_mm_mul_epi32': target specific option mismatch
  334 | _mm_mul_epi32 (__m128i __X, __m128i __Y)
      | ^~~~~~~~~~~~~
conftest.c:33:21: note: called from here
   33 |             mtest = _mm_mul_epi32(mtest, mtest);
      |                     ^~~~~~~~~~~~~~~~~~~~~~~~~~~
configure:10773: $? = 1
configure: failed program was:
| /* confdefs.h */
| #define PACKAGE_NAME "opus"
| #define PACKAGE_TARNAME "opus"
| #define PACKAGE_VERSION "1.1.3"
| #define PACKAGE_STRING "opus 1.1.3"
| #define PACKAGE_BUGREPORT "opus@xiph.org"
| #define PACKAGE_URL ""
| #define STDC_HEADERS 1
| #define HAVE_SYS_TYPES_H 1
| #define HAVE_SYS_STAT_H 1
| #define HAVE_STDLIB_H 1
| #define HAVE_STRING_H 1
| #define HAVE_MEMORY_H 1
| #define HAVE_STRINGS_H 1
| #define HAVE_INTTYPES_H 1
| #define HAVE_STDINT_H 1
| #define HAVE_UNISTD_H 1
| #define HAVE_DLFCN_H 1
| #define LT_OBJDIR ".libs/"
| #define OPUS_BUILD /**/
| #define restrict __restrict
| #define VAR_ARRAYS 1
| /* end confdefs.h.  */
| #include <smmintrin.h>
|            #include <time.h>
| 
| int
| main ()
| {
| 
|             __m128i mtest;
|             mtest = _mm_set1_epi32((int)time(NULL));
|             mtest = _mm_mul_epi32(mtest, mtest);
|             return _mm_cvtsi128_si32(mtest);
| 
| 
|   ;
|   return 0;
| }
configure:10783: result: no
configure:10785: checking if compiler supports SSE4.1 intrinsics with -msse4.1
configure:10807: gcc -o conftest -g -O2 -msse4.1   conftest.c  >&5
configure:10807: $? = 0
configure:10809: result: yes
configure:10836: checking if compiler supports AVX intrinsics
configure:10857: gcc -o conftest -g -O2   conftest.c  >&5
conftest.c: In function 'main':
conftest.c:32:20: warning: AVX vector return without AVX enabled changes the ABI [-Wpsabi]
   32 |              mtest = _mm256_set1_ps((float)time(NULL));
      |              ~~~~~~^~~~~~~~~~~~~~~~~~~~~~~~~~~~~~~~~~~
In file included from /usr/lib/gcc/x86_64-linux-gnu/9/include/immintrin.h:51,
                 from conftest.c:24:
/usr/lib/gcc/x86_64-linux-gnu/9/include/avxintrin.h:517:1: error: inlining failed in call to always_inline '_mm256_extractf128_ps': target specific option mismatch
  517 | _mm256_extractf128_ps (__m256 __X, const int __N)
      | ^~~~~~~~~~~~~~~~~~~~~
conftest.c:34:21: note: called from here
   34 |              return _mm_cvtss_si32(_mm256_extractf128_ps(mtest, 0));
      |                     ^~~~~~~~~~~~~~~~~~~~~~~~~~~~~~~~~~~~~~~~~~~~~~~
In file included from /usr/lib/gcc/x86_64-linux-gnu/9/include/immintrin.h:51,
                 from conftest.c:24:
/usr/lib/gcc/x86_64-linux-gnu/9/include/avxintrin.h:159:1: error: inlining failed in call to always_inline '_mm256_addsub_ps': target specific option mismatch
  159 | _mm256_addsub_ps (__m256 __A, __m256 __B)
      | ^~~~~~~~~~~~~~~~
conftest.c:33:22: note: called from here
   33 |              mtest = _mm256_addsub_ps(mtest, mtest);
      |                      ^~~~~~~~~~~~~~~~~~~~~~~~~~~~~~
In file included from /usr/lib/gcc/x86_64-linux-gnu/9/include/immintrin.h:51,
                 from conftest.c:24:
/usr/lib/gcc/x86_64-linux-gnu/9/include/avxintrin.h:1311:1: error: inlining failed in call to always_inline '_mm256_set1_ps': target specific option mismatch
 1311 | _mm256_set1_ps (float __A)
      | ^~~~~~~~~~~~~~
conftest.c:32:22: note: called from here
   32 |              mtest = _mm256_set1_ps((float)time(NULL));
      |                      ^~~~~~~~~~~~~~~~~~~~~~~~~~~~~~~~~
configure:10857: $? = 1
configure: failed program was:
| /* confdefs.h */
| #define PACKAGE_NAME "opus"
| #define PACKAGE_TARNAME "opus"
| #define PACKAGE_VERSION "1.1.3"
| #define PACKAGE_STRING "opus 1.1.3"
| #define PACKAGE_BUGREPORT "opus@xiph.org"
| #define PACKAGE_URL ""
| #define STDC_HEADERS 1
| #define HAVE_SYS_TYPES_H 1
| #define HAVE_SYS_STAT_H 1
| #define HAVE_STDLIB_H 1
| #define HAVE_STRING_H 1
| #define HAVE_MEMORY_H 1
| #define HAVE_STRINGS_H 1
| #define HAVE_INTTYPES_H 1
| #define HAVE_STDINT_H 1
| #define HAVE_UNISTD_H 1
| #define HAVE_DLFCN_H 1
| #define LT_OBJDIR ".libs/"
| #define OPUS_BUILD /**/
| #define restrict __restrict
| #define VAR_ARRAYS 1
| /* end confdefs.h.  */
| #include <immintrin.h>
|            #include <time.h>
| 
| int
| main ()
| {
| 
|              __m256 mtest;
|              mtest = _mm256_set1_ps((float)time(NULL));
|              mtest = _mm256_addsub_ps(mtest, mtest);
|              return _mm_cvtss_si32(_mm256_extractf128_ps(mtest, 0));
| 
| 
|   ;
|   return 0;
| }
configure:10867: result: no
configure:10869: checking if compiler supports AVX intrinsics with -mavx
configure:10891: gcc -o conftest -g -O2 -mavx   conftest.c  >&5
configure:10891: $? = 0
configure:10893: result: yes
configure:11024: checking How to get X86 CPU Info
configure:11053: gcc -o conftest -g -O2   conftest.c  >&5
configure:11053: $? = 0
configure:11055: result: Inline Assembly
configure:11246: checking for doxygen
configure:11274: result: no
configure:11318: checking if gcc supports -fvisibility=hidden
configure:11324: gcc -c -g -O2 -fvisibility=hidden  conftest.c >&5
configure:11324: $? = 0
configure:11325: result: yes
configure:11340: checking if gcc supports -Wall -Wextra -Wcast-align -Wnested-externs -Wshadow -Wstrict-prototypes
configure:11346: gcc -c -g -O2 -fvisibility=hidden -W -Wall -Wextra -Wcast-align -Wnested-externs -Wshadow -Wstrict-prototypes  conftest.c >&5
configure:11346: $? = 0
configure:11347: result: yes
configure:11361: checking for lrintf
configure:11361: gcc -o conftest -g -O2 -fvisibility=hidden -W -Wall -Wextra -Wcast-align -Wnested-externs -Wshadow -Wstrict-prototypes   conftest.c  -lm >&5
conftest.c:55:1: warning: function declaration isn't a prototype [-Wstrict-prototypes]
   55 | char lrintf ();
      | ^~~~
conftest.c:55:6: warning: conflicting types for built-in function 'lrintf'; expected 'long int(float)' [-Wbuiltin-declaration-mismatch]
   55 | char lrintf ();
      |      ^~~~~~
conftest.c:43:1: note: 'lrintf' is declared in header '<math.h>'
   42 | # include <limits.h>
   43 | #else
conftest.c:64:1: warning: function declaration isn't a prototype [-Wstrict-prototypes]
   64 | main ()
      | ^~~~
configure:11361: $? = 0
configure:11361: result: yes
configure:11372: checking for lrint
configure:11372: gcc -o conftest -g -O2 -fvisibility=hidden -W -Wall -Wextra -Wcast-align -Wnested-externs -Wshadow -Wstrict-prototypes   conftest.c  -lm >&5
conftest.c:56:1: warning: function declaration isn't a prototype [-Wstrict-prototypes]
   56 | char lrint ();
      | ^~~~
conftest.c:56:6: warning: conflicting types for built-in function 'lrint'; expected 'long int(double)' [-Wbuiltin-declaration-mismatch]
   56 | char lrint ();
      |      ^~~~~
conftest.c:44:1: note: 'lrint' is declared in header '<math.h>'
   43 | # include <limits.h>
   44 | #else
conftest.c:65:1: warning: function declaration isn't a prototype [-Wstrict-prototypes]
   65 | main ()
      | ^~~~
configure:11372: $? = 0
configure:11372: result: yes
configure:11385: checking for __malloc_hook
configure:11385: gcc -o conftest -g -O2 -fvisibility=hidden -W -Wall -Wextra -Wcast-align -Wnested-externs -Wshadow -Wstrict-prototypes   conftest.c  >&5
conftest.c:57:1: warning: function declaration isn't a prototype [-Wstrict-prototypes]
   57 | char __malloc_hook ();
      | ^~~~
conftest.c:66:1: warning: function declaration isn't a prototype [-Wstrict-prototypes]
   66 | main ()
      | ^~~~
configure:11385: $? = 0
configure:11385: result: yes
configure:11503: checking that generated files are newer than configure
configure:11509: result: done
configure:11620: creating ./config.status

## ---------------------- ##
## Running config.status. ##
## ---------------------- ##

This file was extended by opus config.status 1.1.3, which was
generated by GNU Autoconf 2.69.  Invocation command line was

  CONFIG_FILES    = 
  CONFIG_HEADERS  = 
  CONFIG_LINKS    = 
  CONFIG_COMMANDS = 
  $ ./config.status 

on gerar-HP-EliteBook-8440p

config.status:1158: creating Makefile
config.status:1158: creating opus.pc
config.status:1158: creating opus-uninstalled.pc
config.status:1158: creating celt/arm/armopts.s
config.status:1158: creating doc/Makefile
config.status:1158: creating doc/Doxyfile
config.status:1158: creating config.h
config.status:1339: config.h is unchanged
config.status:1387: executing depfiles commands
config.status:1464: cd .       && sed -e '/# am--include-marker/d' Makefile         | make -f - am--depfiles
make[1]: Entering directory '/home/gerar/Desktop/repos/libdeps/opus'
make[1]: Leaving directory '/home/gerar/Desktop/repos/libdeps/opus'
config.status:1469: $? = 0
config.status:1387: executing libtool commands
configure:13799:
------------------------------------------------------------------------
  opus 1.1.3:  Automatic configuration OK.

    Compiler support:

      C99 var arrays: ................ yes
      C99 lrintf: .................... yes
      Use alloca: .................... no (using var arrays)

    General configuration:

      Floating point support: ........ yes
      Fast float approximations: ..... no
      Fixed point debugging: ......... no
      Inline Assembly Optimizations: . No inline ASM for your platform, please send patches
      External Assembly Optimizations: 
      Intrinsics Optimizations.......: x86 SSE SSE2 SSE4.1 AVX
      Run-time CPU detection: ........ x86 SSE4.1 AVX
      Custom modes: .................. no
      Assertion checking: ............ no
      Fuzzing: ....................... no
      Ambisonics support: .............no

      API documentation: ............. yes
      Extra programs: ................ yes
------------------------------------------------------------------------

 Type "make; make install" to compile and install
 Type "make check" to run the test suite


## ---------------- ##
## Cache variables. ##
## ---------------- ##

ac_cv_build=x86_64-pc-linux-gnu
ac_cv_c_compiler_gnu=yes
ac_cv_c_const=yes
ac_cv_c_inline=inline
ac_cv_c_restrict=__restrict
ac_cv_env_ARM_NEON_INTR_CFLAGS_set=
ac_cv_env_ARM_NEON_INTR_CFLAGS_value=
ac_cv_env_CCASFLAGS_set=
ac_cv_env_CCASFLAGS_value=
ac_cv_env_CCAS_set=
ac_cv_env_CCAS_value=
ac_cv_env_CC_set=
ac_cv_env_CC_value=
ac_cv_env_CFLAGS_set=
ac_cv_env_CFLAGS_value=
ac_cv_env_CPPFLAGS_set=
ac_cv_env_CPPFLAGS_value=
ac_cv_env_CPP_set=
ac_cv_env_CPP_value=
ac_cv_env_LDFLAGS_set=
ac_cv_env_LDFLAGS_value=
ac_cv_env_LIBS_set=
ac_cv_env_LIBS_value=
ac_cv_env_LT_SYS_LIBRARY_PATH_set=
ac_cv_env_LT_SYS_LIBRARY_PATH_value=
ac_cv_env_X86_AVX_CFLAGS_set=
ac_cv_env_X86_AVX_CFLAGS_value=
ac_cv_env_X86_SSE2_CFLAGS_set=
ac_cv_env_X86_SSE2_CFLAGS_value=
ac_cv_env_X86_SSE4_1_CFLAGS_set=
ac_cv_env_X86_SSE4_1_CFLAGS_value=
ac_cv_env_X86_SSE_CFLAGS_set=
ac_cv_env_X86_SSE_CFLAGS_value=
ac_cv_env_build_alias_set=
ac_cv_env_build_alias_value=
ac_cv_env_host_alias_set=
ac_cv_env_host_alias_value=
ac_cv_env_target_alias_set=
ac_cv_env_target_alias_value=
ac_cv_func___malloc_hook=yes
ac_cv_func_lrint=yes
ac_cv_func_lrintf=yes
ac_cv_header_dlfcn_h=yes
ac_cv_header_inttypes_h=yes
ac_cv_header_memory_h=yes
ac_cv_header_stdc=yes
ac_cv_header_stdint_h=yes
ac_cv_header_stdlib_h=yes
ac_cv_header_string_h=yes
ac_cv_header_strings_h=yes
ac_cv_header_sys_stat_h=yes
ac_cv_header_sys_types_h=yes
ac_cv_header_unistd_h=yes
ac_cv_host=x86_64-pc-linux-gnu
ac_cv_lib_m_cos=yes
ac_cv_objext=o
ac_cv_path_EGREP='/usr/bin/grep -E'
ac_cv_path_FGREP='/usr/bin/grep -F'
ac_cv_path_GREP=/usr/bin/grep
ac_cv_path_SED=/usr/bin/sed
ac_cv_path_install='/usr/bin/install -c'
ac_cv_path_lt_DD=/usr/bin/dd
ac_cv_path_mkdir=/usr/bin/mkdir
ac_cv_prog_AWK=mawk
ac_cv_prog_CPP='gcc -E'
ac_cv_prog_HAVE_DOXYGEN=no
ac_cv_prog_ac_ct_AR=ar
ac_cv_prog_ac_ct_CC=gcc
ac_cv_prog_ac_ct_MANIFEST_TOOL=mt
ac_cv_prog_ac_ct_OBJDUMP=objdump
ac_cv_prog_ac_ct_RANLIB=ranlib
ac_cv_prog_ac_ct_STRIP=strip
ac_cv_prog_cc_c89=
ac_cv_prog_cc_c99=
ac_cv_prog_cc_g=yes
ac_cv_prog_make_make_set=yes
am_cv_CCAS_dependencies_compiler_type=gcc3
am_cv_CC_dependencies_compiler_type=gcc3
am_cv_make_support_nested_variables=yes
am_cv_prog_cc_c_o=yes
lt_cv_ar_at_file=@
lt_cv_archive_cmds_need_lc=no
lt_cv_deplibs_check_method=pass_all
lt_cv_file_magic_cmd='$MAGIC_CMD'
lt_cv_file_magic_test_file=
lt_cv_ld_reload_flag=-r
lt_cv_nm_interface='BSD nm'
lt_cv_objdir=.libs
lt_cv_path_LD=/usr/bin/ld
lt_cv_path_NM='/usr/bin/nm -B'
lt_cv_path_mainfest_tool=no
lt_cv_prog_compiler_c_o=yes
lt_cv_prog_compiler_pic='-fPIC -DPIC'
lt_cv_prog_compiler_pic_works=yes
lt_cv_prog_compiler_rtti_exceptions=no
lt_cv_prog_compiler_static_works=yes
lt_cv_prog_gnu_ld=yes
lt_cv_sharedlib_from_linklib_cmd='printf %s\n'
lt_cv_shlibpath_overrides_runpath=yes
lt_cv_sys_global_symbol_pipe='sed -n -e '\''s/^.*[	 ]\([ABCDGIRSTW][ABCDGIRSTW]*\)[	 ][	 ]*\([_A-Za-z][_A-Za-z0-9]*\)$/\1 \2 \2/p'\'' | sed '\''/ __gnu_lto/d'\'''
lt_cv_sys_global_symbol_to_c_name_address='sed -n -e '\''s/^: \(.*\) .*$/  {"\1", (void *) 0},/p'\'' -e '\''s/^[ABCDGIRSTW][ABCDGIRSTW]* .* \(.*\)$/  {"\1", (void *) \&\1},/p'\'''
lt_cv_sys_global_symbol_to_c_name_address_lib_prefix='sed -n -e '\''s/^: \(.*\) .*$/  {"\1", (void *) 0},/p'\'' -e '\''s/^[ABCDGIRSTW][ABCDGIRSTW]* .* \(lib.*\)$/  {"\1", (void *) \&\1},/p'\'' -e '\''s/^[ABCDGIRSTW][ABCDGIRSTW]* .* \(.*\)$/  {"lib\1", (void *) \&\1},/p'\'''
lt_cv_sys_global_symbol_to_cdecl='sed -n -e '\''s/^T .* \(.*\)$/extern int \1();/p'\'' -e '\''s/^[ABCDGIRSTW][ABCDGIRSTW]* .* \(.*\)$/extern char \1;/p'\'''
lt_cv_sys_global_symbol_to_import=
lt_cv_sys_max_cmd_len=1572864
lt_cv_to_host_file_cmd=func_convert_file_noop
lt_cv_to_tool_file_cmd=func_convert_file_noop
lt_cv_truncate_bin='/usr/bin/dd bs=4096 count=1'

## ----------------- ##
## Output variables. ##
## ----------------- ##

ACLOCAL='${SHELL} /home/gerar/Desktop/repos/libdeps/opus/missing aclocal-1.16'
AMDEPBACKSLASH='\'
AMDEP_FALSE='#'
AMDEP_TRUE=''
AMTAR='$${TAR-tar}'
AM_BACKSLASH='\'
AM_DEFAULT_V='$(AM_DEFAULT_VERBOSITY)'
AM_DEFAULT_VERBOSITY='0'
AM_V='$(V)'
AR='ar'
ARM2GNU_PARAMS=''
ARM_NEON_INTR_CFLAGS='-mfpu=neon'
AUTOCONF='${SHELL} /home/gerar/Desktop/repos/libdeps/opus/missing autoconf'
AUTOHEADER='${SHELL} /home/gerar/Desktop/repos/libdeps/opus/missing autoheader'
AUTOMAKE='${SHELL} /home/gerar/Desktop/repos/libdeps/opus/missing automake-1.16'
AWK='mawk'
CC='gcc'
CCAS='gcc'
CCASDEPMODE='depmode=gcc3'
CCASFLAGS='-g -O2'
CCDEPMODE='depmode=gcc3'
CFLAGS='-g -O2 -fvisibility=hidden -W -Wall -Wextra -Wcast-align -Wnested-externs -Wshadow -Wstrict-prototypes'
CPP='gcc -E'
CPPFLAGS=''
CPU_ARM_FALSE=''
CPU_ARM_TRUE='#'
CUSTOM_MODES_FALSE=''
CUSTOM_MODES_TRUE='#'
CYGPATH_W='echo'
DEFS='-DHAVE_CONFIG_H'
DEPDIR='.deps'
DISABLE_FLOAT_API_FALSE=''
DISABLE_FLOAT_API_TRUE='#'
DLLTOOL='false'
DSYMUTIL=''
DUMPBIN=''
ECHO_C=''
ECHO_N='-n'
ECHO_T=''
EGREP='/usr/bin/grep -E'
EXEEXT=''
EXTRA_PROGRAMS_FALSE='#'
EXTRA_PROGRAMS_TRUE=''
FGREP='/usr/bin/grep -F'
FIXED_POINT_FALSE=''
FIXED_POINT_TRUE='#'
GREP='/usr/bin/grep'
HAVE_ARM_NE10=''
HAVE_ARM_NE10_FALSE=''
HAVE_ARM_NE10_TRUE='#'
HAVE_ARM_NEON_INTR_FALSE=''
HAVE_ARM_NEON_INTR_TRUE='#'
HAVE_AVX_FALSE='#'
HAVE_AVX_TRUE=''
HAVE_DOXYGEN='no'
HAVE_DOXYGEN_FALSE=''
HAVE_DOXYGEN_TRUE='#'
HAVE_PERL=''
HAVE_SSE2_FALSE='#'
HAVE_SSE2_TRUE=''
HAVE_SSE4_1_FALSE='#'
HAVE_SSE4_1_TRUE=''
HAVE_SSE_FALSE='#'
HAVE_SSE_TRUE=''
INSTALL_DATA='${INSTALL} -m 644'
INSTALL_PROGRAM='${INSTALL}'
INSTALL_SCRIPT='${INSTALL}'
INSTALL_STRIP_PROGRAM='$(install_sh) -c -s'
LD='/usr/bin/ld -m elf_x86_64'
LDFLAGS=''
LIBM='-lm'
LIBOBJS=''
LIBS=''
LIBTOOL='$(SHELL) $(top_builddir)/libtool'
LIPO=''
LN_S='ln -s'
LTLIBOBJS=''
LT_SYS_LIBRARY_PATH=''
MAINT=''
MAINTAINER_MODE_FALSE='#'
MAINTAINER_MODE_TRUE=''
MAKEINFO='${SHELL} /home/gerar/Desktop/repos/libdeps/opus/missing makeinfo'
MANIFEST_TOOL=':'
MKDIR_P='/usr/bin/mkdir -p'
NE10_CFLAGS=''
NE10_LIBS=''
NM='/usr/bin/nm -B'
NMEDIT=''
OBJDUMP='objdump'
OBJEXT='o'
OPUS_ARM_EXTERNAL_ASM_FALSE=''
OPUS_ARM_EXTERNAL_ASM_TRUE='#'
OPUS_ARM_INLINE_ASM_FALSE=''
OPUS_ARM_INLINE_ASM_TRUE='#'
OPUS_ARM_MAY_HAVE_EDSP=''
OPUS_ARM_MAY_HAVE_MEDIA=''
OPUS_ARM_MAY_HAVE_NEON=''
OPUS_ARM_NEON_INTR_CFLAGS=''
OPUS_HAVE_RTCD='1'
OPUS_LT_AGE='5'
OPUS_LT_CURRENT='5'
OPUS_LT_REVISION='3'
OPUS_X86_AVX_CFLAGS='-mavx'
OPUS_X86_SSE2_CFLAGS=''
OPUS_X86_SSE4_1_CFLAGS='-msse4.1'
OPUS_X86_SSE_CFLAGS=''
OTOOL64=''
OTOOL=''
PACKAGE='opus'
PACKAGE_BUGREPORT='opus@xiph.org'
PACKAGE_NAME='opus'
PACKAGE_STRING='opus 1.1.3'
PACKAGE_TARNAME='opus'
PACKAGE_URL=''
PACKAGE_VERSION='1.1.3'
PATH_SEPARATOR=':'
PC_BUILD='floating-point'
RANLIB='ranlib'
SED='/usr/bin/sed'
SET_MAKE=''
SHELL='/bin/bash'
STRIP='strip'
VERSION='1.1.3'
X86_AVX_CFLAGS='-mavx'
X86_SSE2_CFLAGS='-msse2'
X86_SSE4_1_CFLAGS='-msse4.1'
X86_SSE_CFLAGS='-msse'
ac_ct_AR='ar'
ac_ct_CC='gcc'
ac_ct_DUMPBIN=''
am__EXEEXT_FALSE=''
am__EXEEXT_TRUE='#'
am__fastdepCCAS_FALSE='#'
am__fastdepCCAS_TRUE=''
am__fastdepCC_FALSE='#'
am__fastdepCC_TRUE=''
am__include='include'
am__isrc=''
am__leading_dot='.'
am__nodep='_no'
am__quote=''
am__tar='$${TAR-tar} chof - "$$tardir"'
am__untar='$${TAR-tar} xf -'
bindir='${exec_prefix}/bin'
build='x86_64-pc-linux-gnu'
build_alias=''
build_cpu='x86_64'
build_os='linux-gnu'
build_vendor='pc'
datadir='${datarootdir}'
datarootdir='${prefix}/share'
docdir='${datarootdir}/doc/${PACKAGE_TARNAME}'
dvidir='${docdir}'
exec_prefix='${prefix}'
host='x86_64-pc-linux-gnu'
host_alias=''
host_cpu='x86_64'
host_os='linux-gnu'
host_vendor='pc'
htmldir='${docdir}'
includedir='${prefix}/include'
infodir='${datarootdir}/info'
install_sh='${SHELL} /home/gerar/Desktop/repos/libdeps/opus/install-sh'
libdir='${exec_prefix}/lib'
libexecdir='${exec_prefix}/libexec'
localedir='${datarootdir}/locale'
localstatedir='${prefix}/var'
mandir='${datarootdir}/man'
mkdir_p='$(MKDIR_P)'
oldincludedir='/usr/include'
pdfdir='${docdir}'
prefix='/usr/local'
program_transform_name='s,x,x,'
psdir='${docdir}'
runstatedir='${localstatedir}/run'
sbindir='${exec_prefix}/sbin'
sharedstatedir='${prefix}/com'
sysconfdir='${prefix}/etc'
target_alias=''

## ----------- ##
## confdefs.h. ##
## ----------- ##

/* confdefs.h */
#define PACKAGE_NAME "opus"
#define PACKAGE_TARNAME "opus"
#define PACKAGE_VERSION "1.1.3"
#define PACKAGE_STRING "opus 1.1.3"
#define PACKAGE_BUGREPORT "opus@xiph.org"
#define PACKAGE_URL ""
#define STDC_HEADERS 1
#define HAVE_SYS_TYPES_H 1
#define HAVE_SYS_STAT_H 1
#define HAVE_STDLIB_H 1
#define HAVE_STRING_H 1
#define HAVE_MEMORY_H 1
#define HAVE_STRINGS_H 1
#define HAVE_INTTYPES_H 1
#define HAVE_STDINT_H 1
#define HAVE_UNISTD_H 1
#define HAVE_DLFCN_H 1
#define LT_OBJDIR ".libs/"
#define OPUS_BUILD /**/
#define restrict __restrict
#define VAR_ARRAYS 1
#define OPUS_X86_MAY_HAVE_SSE 1
#define OPUS_X86_PRESUME_SSE 1
#define OPUS_X86_MAY_HAVE_SSE2 1
#define OPUS_X86_PRESUME_SSE2 1
#define OPUS_X86_MAY_HAVE_SSE4_1 1
#define OPUS_X86_MAY_HAVE_AVX 1
#define CPU_INFO_BY_ASM 1
#define OPUS_HAVE_RTCD 1
#define HAVE_LRINTF 1
#define HAVE_LRINT 1
#define HAVE___MALLOC_HOOK 1

configure: exit 0
